{
  "RSpec": {
    "coverage": {
      "/usr/src/app/lib/hash.rb": {
        "lines": [
          null,
          null,
          1,
          null,
          null,
          1,
          2,
          null,
          2,
          1,
          null,
          1,
          1,
          1,
          null,
          null,
          2,
          null,
          null,
          null,
          null,
          null,
          null,
          null,
          null,
          null,
          1,
          2,
          6,
          null,
          4,
          null,
          null,
          null
        ]
      },
      "/usr/src/app/app/controllers/application_controller.rb": {
        "lines": [
          null,
          null,
          0,
          0
        ],
        "branches": {
        }
      },
      "/usr/src/app/app/controllers/status_controller.rb": {
        "lines": [
          null,
          null,
          0,
          0,
          0,
          0,
          0
        ],
        "branches": {
        }
      },
      "/usr/src/app/app/jobs/application_job.rb": {
        "lines": [
          null,
          null,
          0,
          null,
          null,
          null,
          null,
          null,
          0
        ],
        "branches": {
        }
      },
      "/usr/src/app/app/models/application_record.rb": {
        "lines": [
          null,
          null,
          0,
          0,
          0
        ],
        "branches": {
        }
      }
    },
    "timestamp": 1677191421
  }
}
